Arguments: 
  /usr/local/bin/node /usr/local/bin/yarn add install react-native-web@~0.19.6 react-dom@18.2.0 @expo/webpack-config

PATH: 
  /Library/Frameworks/Python.framework/Versions/3.10/bin:/Users/sid/bin:/usr/local/bin:/usr/bin:/bin:/usr/sbin:/sbin

Yarn version: 
  1.22.19

Node version: 
  16.14.0

Platform: 
  darwin x64

Trace: 
  Error: EACCES: permission denied, mkdir '/Users/sid/Documents/a WhiteHatJr/Coding_Projects/stellar-app/node_modules/@0no-co'

npm manifest: 
  {
    "name": "stellar-app",
    "version": "1.0.0",
    "main": "node_modules/expo/AppEntry.js",
    "scripts": {
      "start": "expo start",
      "android": "expo start --android",
      "ios": "expo start --ios",
      "web": "expo start --web"
    },
    "dependencies": {
      "expo": "~49.0.7",
      "expo-status-bar": "~1.6.0",
      "react": "18.2.0",
      "react-native": "0.72.3"
    },
    "devDependencies": {
      "@babel/core": "^7.20.0"
    },
    "private": true
  }

yarn manifest: 
  No manifest

Lockfile: 
  No lockfile
